<?xml version="1.0" encoding="UTF-8"?>
<testsuite xmlns:xsi="http://www.w3.org/2001/XMLSchema-instance" xsi:noNamespaceSchemaLocation="https://maven.apache.org/surefire/maven-surefire-plugin/xsd/surefire-test-report-3.0.xsd" version="3.0" name="MessagePusherTest" time="0.793" tests="5" errors="0" skipped="0" failures="0">
  <properties>
[...]
</properties>
  <testcase name="testRequestBodyContainsCorrectFields" classname="MessagePusherTest" time="0.305">
    <system-err><![CDATA[SLF4J: Failed to load class "org.slf4j.impl.StaticLoggerBinder".
SLF4J: Defaulting to no-operation (NOP) logger implementation
SLF4J: See http://www.slf4j.org/codes.html#StaticLoggerBinder for further details.
]]></system-err>
  </testcase>
  <testcase name="testSendMessageWithJsonSuccess" classname="MessagePusherTest" time="0.018"/>
  <testcase name="testSendMessageWithFormSuccess" classname="MessagePusherTest" time="0.013"/>
  <testcase name="testNetworkError" classname="MessagePusherTest" time="0.01"/>
  <testcase name="testSendMessageFailure" classname="MessagePusherTest" time="0.007"/>
</testsuite>